
state 0
	$accept: .program $end 
	program: .    (2)

	IDENTIFIER  shift 12
	FUNC  shift 7
	STRUCT  shift 8
	LEFT_BRACKET  shift 11
	.  reduce 2 (src line 87)

	program  goto 1
	declaration  goto 3
	function_decl  goto 4
	struct_decl  goto 5
	global_var_decl  goto 6
	declaration_list  goto 2
	type  goto 9
	identifier  goto 10

state 1
	$accept:  program.$end 

	$end  accept
	.  error


state 2
	program:  declaration_list.EOF 
	declaration_list:  declaration_list.declaration 

	IDENTIFIER  shift 12
	FUNC  shift 7
	STRUCT  shift 8
	LEFT_BRACKET  shift 11
	EOF  shift 13
	.  error

	declaration  goto 14
	function_decl  goto 4
	struct_decl  goto 5
	global_var_decl  goto 6
	type  goto 9
	identifier  goto 10

state 3
	declaration_list:  declaration.    (3)

	.  reduce 3 (src line 96)


state 4
	declaration:  function_decl.    (5)

	.  reduce 5 (src line 104)


state 5
	declaration:  struct_decl.    (6)

	.  reduce 6 (src line 106)


state 6
	declaration:  global_var_decl.    (7)

	.  reduce 7 (src line 107)


state 7
	function_decl:  FUNC.identifier LEFT_PAREN parameter_list RIGHT_PAREN type block_stmt 
	function_decl:  FUNC.identifier LEFT_PAREN RIGHT_PAREN type block_stmt 
	function_decl:  FUNC.identifier LEFT_PAREN parameter_list RIGHT_PAREN block_stmt 
	function_decl:  FUNC.identifier LEFT_PAREN RIGHT_PAREN block_stmt 
	function_decl:  FUNC.identifier LEFT_PAREN parameter_list RIGHT_PAREN ARROW type block_stmt 
	function_decl:  FUNC.identifier LEFT_PAREN RIGHT_PAREN ARROW type block_stmt 

	IDENTIFIER  shift 12
	.  error

	identifier  goto 15

state 8
	struct_decl:  STRUCT.identifier LEFT_BRACE struct_field_list RIGHT_BRACE 
	struct_decl:  STRUCT.identifier LEFT_BRACE RIGHT_BRACE 

	IDENTIFIER  shift 12
	.  error

	identifier  goto 16

state 9
	global_var_decl:  type.identifier SEMICOLON 
	global_var_decl:  type.identifier ASSIGN expression SEMICOLON 

	IDENTIFIER  shift 12
	.  error

	identifier  goto 17

state 10
	type:  identifier.    (24)

	.  reduce 24 (src line 239)


state 11
	type:  LEFT_BRACKET.IDENTIFIER RIGHT_BRACKET type 
	type:  LEFT_BRACKET.RIGHT_BRACKET type 

	IDENTIFIER  shift 18
	RIGHT_BRACKET  shift 19
	.  error


state 12
	identifier:  IDENTIFIER.    (77)

	.  reduce 77 (src line 581)


state 13
	program:  declaration_list EOF.    (1)

	.  reduce 1 (src line 78)


state 14
	declaration_list:  declaration_list declaration.    (4)

	.  reduce 4 (src line 100)


state 15
	function_decl:  FUNC identifier.LEFT_PAREN parameter_list RIGHT_PAREN type block_stmt 
	function_decl:  FUNC identifier.LEFT_PAREN RIGHT_PAREN type block_stmt 
	function_decl:  FUNC identifier.LEFT_PAREN parameter_list RIGHT_PAREN block_stmt 
	function_decl:  FUNC identifier.LEFT_PAREN RIGHT_PAREN block_stmt 
	function_decl:  FUNC identifier.LEFT_PAREN parameter_list RIGHT_PAREN ARROW type block_stmt 
	function_decl:  FUNC identifier.LEFT_PAREN RIGHT_PAREN ARROW type block_stmt 

	LEFT_PAREN  shift 20
	.  error


state 16
	struct_decl:  STRUCT identifier.LEFT_BRACE struct_field_list RIGHT_BRACE 
	struct_decl:  STRUCT identifier.LEFT_BRACE RIGHT_BRACE 

	LEFT_BRACE  shift 21
	.  error


state 17
	global_var_decl:  type identifier.SEMICOLON 
	global_var_decl:  type identifier.ASSIGN expression SEMICOLON 

	ASSIGN  shift 23
	SEMICOLON  shift 22
	.  error


state 18
	type:  LEFT_BRACKET IDENTIFIER.RIGHT_BRACKET type 

	RIGHT_BRACKET  shift 24
	.  error


state 19
	type:  LEFT_BRACKET RIGHT_BRACKET.type 

	IDENTIFIER  shift 12
	LEFT_BRACKET  shift 11
	.  error

	type  goto 25
	identifier  goto 10

state 20
	function_decl:  FUNC identifier LEFT_PAREN.parameter_list RIGHT_PAREN type block_stmt 
	function_decl:  FUNC identifier LEFT_PAREN.RIGHT_PAREN type block_stmt 
	function_decl:  FUNC identifier LEFT_PAREN.parameter_list RIGHT_PAREN block_stmt 
	function_decl:  FUNC identifier LEFT_PAREN.RIGHT_PAREN block_stmt 
	function_decl:  FUNC identifier LEFT_PAREN.parameter_list RIGHT_PAREN ARROW type block_stmt 
	function_decl:  FUNC identifier LEFT_PAREN.RIGHT_PAREN ARROW type block_stmt 

	IDENTIFIER  shift 12
	RIGHT_PAREN  shift 27
	.  error

	parameter  goto 28
	parameter_list  goto 26
	identifier  goto 29

state 21
	struct_decl:  STRUCT identifier LEFT_BRACE.struct_field_list RIGHT_BRACE 
	struct_decl:  STRUCT identifier LEFT_BRACE.RIGHT_BRACE 

	IDENTIFIER  shift 12
	RIGHT_BRACE  shift 31
	.  error

	struct_field  goto 32
	struct_field_list  goto 30
	identifier  goto 33

state 22
	global_var_decl:  type identifier SEMICOLON.    (8)

	.  reduce 8 (src line 109)


state 23
	global_var_decl:  type identifier ASSIGN.expression SEMICOLON 

	IDENTIFIER  shift 42
	MINUS  shift 38
	NOT  shift 39
	LEFT_PAREN  shift 43
	.  error

	expression  goto 34
	primary_expr  goto 40
	call_expr  goto 37
	unary_expr  goto 36
	binary_expr  goto 35
	identifier  goto 41

state 24
	type:  LEFT_BRACKET IDENTIFIER RIGHT_BRACKET.type 

	IDENTIFIER  shift 12
	LEFT_BRACKET  shift 11
	.  error

	type  goto 44
	identifier  goto 10

state 25
	type:  LEFT_BRACKET RIGHT_BRACKET type.    (26)

	.  reduce 26 (src line 255)


state 26
	function_decl:  FUNC identifier LEFT_PAREN parameter_list.RIGHT_PAREN type block_stmt 
	function_decl:  FUNC identifier LEFT_PAREN parameter_list.RIGHT_PAREN block_stmt 
	function_decl:  FUNC identifier LEFT_PAREN parameter_list.RIGHT_PAREN ARROW type block_stmt 
	parameter_list:  parameter_list.COMMA parameter 

	RIGHT_PAREN  shift 45
	COMMA  shift 46
	.  error


state 27
	function_decl:  FUNC identifier LEFT_PAREN RIGHT_PAREN.type block_stmt 
	function_decl:  FUNC identifier LEFT_PAREN RIGHT_PAREN.block_stmt 
	function_decl:  FUNC identifier LEFT_PAREN RIGHT_PAREN.ARROW type block_stmt 

	IDENTIFIER  shift 12
	LEFT_BRACE  shift 50
	LEFT_BRACKET  shift 11
	ARROW  shift 49
	.  error

	block_stmt  goto 48
	type  goto 47
	identifier  goto 10

state 28
	parameter_list:  parameter.    (18)

	.  reduce 18 (src line 207)


state 29
	parameter:  identifier.type 

	IDENTIFIER  shift 12
	LEFT_BRACKET  shift 11
	.  error

	type  goto 51
	identifier  goto 10

state 30
	struct_decl:  STRUCT identifier LEFT_BRACE struct_field_list.RIGHT_BRACE 
	struct_field_list:  struct_field_list.struct_field 

	IDENTIFIER  shift 12
	RIGHT_BRACE  shift 52
	.  error

	struct_field  goto 53
	identifier  goto 33

state 31
	struct_decl:  STRUCT identifier LEFT_BRACE RIGHT_BRACE.    (17)

	.  reduce 17 (src line 199)


state 32
	struct_field_list:  struct_field.    (21)

	.  reduce 21 (src line 223)


state 33
	struct_field:  identifier.type SEMICOLON 

	IDENTIFIER  shift 12
	LEFT_BRACKET  shift 11
	.  error

	type  goto 54
	identifier  goto 10

state 34
	global_var_decl:  type identifier ASSIGN expression.SEMICOLON 

	SEMICOLON  shift 55
	.  error


state 35
	expression:  binary_expr.    (49)
	binary_expr:  binary_expr.PLUS binary_expr 
	binary_expr:  binary_expr.MINUS binary_expr 
	binary_expr:  binary_expr.STAR binary_expr 
	binary_expr:  binary_expr.SLASH binary_expr 
	binary_expr:  binary_expr.PERCENT binary_expr 
	binary_expr:  binary_expr.EQUAL binary_expr 
	binary_expr:  binary_expr.NOT_EQUAL binary_expr 
	binary_expr:  binary_expr.LESS binary_expr 
	binary_expr:  binary_expr.LESS_EQUAL binary_expr 
	binary_expr:  binary_expr.GREATER binary_expr 
	binary_expr:  binary_expr.GREATER_EQUAL binary_expr 
	binary_expr:  binary_expr.AND binary_expr 
	binary_expr:  binary_expr.OR binary_expr 

	PLUS  shift 56
	MINUS  shift 57
	STAR  shift 58
	SLASH  shift 59
	PERCENT  shift 60
	EQUAL  shift 61
	NOT_EQUAL  shift 62
	LESS  shift 63
	LESS_EQUAL  shift 64
	GREATER  shift 65
	GREATER_EQUAL  shift 66
	AND  shift 67
	OR  shift 68
	.  reduce 49 (src line 384)


state 36
	binary_expr:  unary_expr.    (50)

	.  reduce 50 (src line 387)


state 37
	unary_expr:  call_expr.    (64)
	call_expr:  call_expr.LEFT_PAREN argument_list RIGHT_PAREN 
	call_expr:  call_expr.LEFT_PAREN RIGHT_PAREN 
	call_expr:  call_expr.LEFT_BRACKET expression RIGHT_BRACKET 
	call_expr:  call_expr.DOT identifier 

	LEFT_PAREN  shift 69
	LEFT_BRACKET  shift 70
	DOT  shift 71
	.  reduce 64 (src line 494)


state 38
	unary_expr:  MINUS.unary_expr 

	IDENTIFIER  shift 42
	MINUS  shift 38
	NOT  shift 39
	LEFT_PAREN  shift 43
	.  error

	primary_expr  goto 40
	call_expr  goto 37
	unary_expr  goto 72
	identifier  goto 41

state 39
	unary_expr:  NOT.unary_expr 

	IDENTIFIER  shift 42
	MINUS  shift 38
	NOT  shift 39
	LEFT_PAREN  shift 43
	.  error

	primary_expr  goto 40
	call_expr  goto 37
	unary_expr  goto 73
	identifier  goto 41

state 40
	call_expr:  primary_expr.    (67)

	.  reduce 67 (src line 511)


state 41
	primary_expr:  identifier.    (74)

	.  reduce 74 (src line 550)


 42: reduce/reduce conflict  (red'ns 75 and 77) on PLUS
 42: reduce/reduce conflict  (red'ns 75 and 77) on MINUS
 42: reduce/reduce conflict  (red'ns 75 and 77) on STAR
 42: reduce/reduce conflict  (red'ns 75 and 77) on SLASH
 42: reduce/reduce conflict  (red'ns 75 and 77) on PERCENT
 42: reduce/reduce conflict  (red'ns 75 and 77) on EQUAL
 42: reduce/reduce conflict  (red'ns 75 and 77) on NOT_EQUAL
 42: reduce/reduce conflict  (red'ns 75 and 77) on LESS
 42: reduce/reduce conflict  (red'ns 75 and 77) on LESS_EQUAL
 42: reduce/reduce conflict  (red'ns 75 and 77) on GREATER
 42: reduce/reduce conflict  (red'ns 75 and 77) on GREATER_EQUAL
 42: reduce/reduce conflict  (red'ns 75 and 77) on AND
 42: reduce/reduce conflict  (red'ns 75 and 77) on OR
 42: reduce/reduce conflict  (red'ns 75 and 77) on ASSIGN
 42: reduce/reduce conflict  (red'ns 75 and 77) on LEFT_PAREN
 42: reduce/reduce conflict  (red'ns 75 and 77) on RIGHT_PAREN
 42: reduce/reduce conflict  (red'ns 75 and 77) on LEFT_BRACKET
 42: reduce/reduce conflict  (red'ns 75 and 77) on RIGHT_BRACKET
 42: reduce/reduce conflict  (red'ns 75 and 77) on SEMICOLON
 42: reduce/reduce conflict  (red'ns 75 and 77) on COMMA
 42: reduce/reduce conflict  (red'ns 75 and 77) on DOT
state 42
	primary_expr:  IDENTIFIER.    (75)
	identifier:  IDENTIFIER.    (77)

	.  reduce 75 (src line 557)


state 43
	primary_expr:  LEFT_PAREN.expression RIGHT_PAREN 

	IDENTIFIER  shift 42
	MINUS  shift 38
	NOT  shift 39
	LEFT_PAREN  shift 43
	.  error

	expression  goto 74
	primary_expr  goto 40
	call_expr  goto 37
	unary_expr  goto 36
	binary_expr  goto 35
	identifier  goto 41

state 44
	type:  LEFT_BRACKET IDENTIFIER RIGHT_BRACKET type.    (25)

	.  reduce 25 (src line 248)


state 45
	function_decl:  FUNC identifier LEFT_PAREN parameter_list RIGHT_PAREN.type block_stmt 
	function_decl:  FUNC identifier LEFT_PAREN parameter_list RIGHT_PAREN.block_stmt 
	function_decl:  FUNC identifier LEFT_PAREN parameter_list RIGHT_PAREN.ARROW type block_stmt 

	IDENTIFIER  shift 12
	LEFT_BRACE  shift 50
	LEFT_BRACKET  shift 11
	ARROW  shift 77
	.  error

	block_stmt  goto 76
	type  goto 75
	identifier  goto 10

state 46
	parameter_list:  parameter_list COMMA.parameter 

	IDENTIFIER  shift 12
	.  error

	parameter  goto 78
	identifier  goto 29

state 47
	function_decl:  FUNC identifier LEFT_PAREN RIGHT_PAREN type.block_stmt 

	LEFT_BRACE  shift 50
	.  error

	block_stmt  goto 79

state 48
	function_decl:  FUNC identifier LEFT_PAREN RIGHT_PAREN block_stmt.    (13)

	.  reduce 13 (src line 160)


state 49
	function_decl:  FUNC identifier LEFT_PAREN RIGHT_PAREN ARROW.type block_stmt 

	IDENTIFIER  shift 12
	LEFT_BRACKET  shift 11
	.  error

	type  goto 80
	identifier  goto 10

state 50
	block_stmt:  LEFT_BRACE.statement_list RIGHT_BRACE 
	statement_list: .    (27)

	.  reduce 27 (src line 262)

	statement_list  goto 81

state 51
	parameter:  identifier type.    (20)

	.  reduce 20 (src line 215)


state 52
	struct_decl:  STRUCT identifier LEFT_BRACE struct_field_list RIGHT_BRACE.    (16)

	.  reduce 16 (src line 191)


state 53
	struct_field_list:  struct_field_list struct_field.    (22)

	.  reduce 22 (src line 227)


state 54
	struct_field:  identifier type.SEMICOLON 

	SEMICOLON  shift 82
	.  error


state 55
	global_var_decl:  type identifier ASSIGN expression SEMICOLON.    (9)

	.  reduce 9 (src line 118)


state 56
	binary_expr:  binary_expr PLUS.binary_expr 

	IDENTIFIER  shift 42
	MINUS  shift 38
	NOT  shift 39
	LEFT_PAREN  shift 43
	.  error

	primary_expr  goto 40
	call_expr  goto 37
	unary_expr  goto 36
	binary_expr  goto 83
	identifier  goto 41

state 57
	binary_expr:  binary_expr MINUS.binary_expr 

	IDENTIFIER  shift 42
	MINUS  shift 38
	NOT  shift 39
	LEFT_PAREN  shift 43
	.  error

	primary_expr  goto 40
	call_expr  goto 37
	unary_expr  goto 36
	binary_expr  goto 84
	identifier  goto 41

state 58
	binary_expr:  binary_expr STAR.binary_expr 

	IDENTIFIER  shift 42
	MINUS  shift 38
	NOT  shift 39
	LEFT_PAREN  shift 43
	.  error

	primary_expr  goto 40
	call_expr  goto 37
	unary_expr  goto 36
	binary_expr  goto 85
	identifier  goto 41

state 59
	binary_expr:  binary_expr SLASH.binary_expr 

	IDENTIFIER  shift 42
	MINUS  shift 38
	NOT  shift 39
	LEFT_PAREN  shift 43
	.  error

	primary_expr  goto 40
	call_expr  goto 37
	unary_expr  goto 36
	binary_expr  goto 86
	identifier  goto 41

state 60
	binary_expr:  binary_expr PERCENT.binary_expr 

	IDENTIFIER  shift 42
	MINUS  shift 38
	NOT  shift 39
	LEFT_PAREN  shift 43
	.  error

	primary_expr  goto 40
	call_expr  goto 37
	unary_expr  goto 36
	binary_expr  goto 87
	identifier  goto 41

state 61
	binary_expr:  binary_expr EQUAL.binary_expr 

	IDENTIFIER  shift 42
	MINUS  shift 38
	NOT  shift 39
	LEFT_PAREN  shift 43
	.  error

	primary_expr  goto 40
	call_expr  goto 37
	unary_expr  goto 36
	binary_expr  goto 88
	identifier  goto 41

state 62
	binary_expr:  binary_expr NOT_EQUAL.binary_expr 

	IDENTIFIER  shift 42
	MINUS  shift 38
	NOT  shift 39
	LEFT_PAREN  shift 43
	.  error

	primary_expr  goto 40
	call_expr  goto 37
	unary_expr  goto 36
	binary_expr  goto 89
	identifier  goto 41

state 63
	binary_expr:  binary_expr LESS.binary_expr 

	IDENTIFIER  shift 42
	MINUS  shift 38
	NOT  shift 39
	LEFT_PAREN  shift 43
	.  error

	primary_expr  goto 40
	call_expr  goto 37
	unary_expr  goto 36
	binary_expr  goto 90
	identifier  goto 41

state 64
	binary_expr:  binary_expr LESS_EQUAL.binary_expr 

	IDENTIFIER  shift 42
	MINUS  shift 38
	NOT  shift 39
	LEFT_PAREN  shift 43
	.  error

	primary_expr  goto 40
	call_expr  goto 37
	unary_expr  goto 36
	binary_expr  goto 91
	identifier  goto 41

state 65
	binary_expr:  binary_expr GREATER.binary_expr 

	IDENTIFIER  shift 42
	MINUS  shift 38
	NOT  shift 39
	LEFT_PAREN  shift 43
	.  error

	primary_expr  goto 40
	call_expr  goto 37
	unary_expr  goto 36
	binary_expr  goto 92
	identifier  goto 41

state 66
	binary_expr:  binary_expr GREATER_EQUAL.binary_expr 

	IDENTIFIER  shift 42
	MINUS  shift 38
	NOT  shift 39
	LEFT_PAREN  shift 43
	.  error

	primary_expr  goto 40
	call_expr  goto 37
	unary_expr  goto 36
	binary_expr  goto 93
	identifier  goto 41

state 67
	binary_expr:  binary_expr AND.binary_expr 

	IDENTIFIER  shift 42
	MINUS  shift 38
	NOT  shift 39
	LEFT_PAREN  shift 43
	.  error

	primary_expr  goto 40
	call_expr  goto 37
	unary_expr  goto 36
	binary_expr  goto 94
	identifier  goto 41

state 68
	binary_expr:  binary_expr OR.binary_expr 

	IDENTIFIER  shift 42
	MINUS  shift 38
	NOT  shift 39
	LEFT_PAREN  shift 43
	.  error

	primary_expr  goto 40
	call_expr  goto 37
	unary_expr  goto 36
	binary_expr  goto 95
	identifier  goto 41

state 69
	call_expr:  call_expr LEFT_PAREN.argument_list RIGHT_PAREN 
	call_expr:  call_expr LEFT_PAREN.RIGHT_PAREN 

	IDENTIFIER  shift 42
	MINUS  shift 38
	NOT  shift 39
	LEFT_PAREN  shift 43
	RIGHT_PAREN  shift 97
	.  error

	expression  goto 98
	primary_expr  goto 40
	call_expr  goto 37
	unary_expr  goto 36
	binary_expr  goto 35
	argument_list  goto 96
	identifier  goto 41

state 70
	call_expr:  call_expr LEFT_BRACKET.expression RIGHT_BRACKET 

	IDENTIFIER  shift 42
	MINUS  shift 38
	NOT  shift 39
	LEFT_PAREN  shift 43
	.  error

	expression  goto 99
	primary_expr  goto 40
	call_expr  goto 37
	unary_expr  goto 36
	binary_expr  goto 35
	identifier  goto 41

state 71
	call_expr:  call_expr DOT.identifier 

	IDENTIFIER  shift 12
	.  error

	identifier  goto 100

state 72
	unary_expr:  MINUS unary_expr.    (65)

	.  reduce 65 (src line 496)


state 73
	unary_expr:  NOT unary_expr.    (66)

	.  reduce 66 (src line 503)


state 74
	primary_expr:  LEFT_PAREN expression.RIGHT_PAREN 

	RIGHT_PAREN  shift 101
	.  error


state 75
	function_decl:  FUNC identifier LEFT_PAREN parameter_list RIGHT_PAREN type.block_stmt 

	LEFT_BRACE  shift 50
	.  error

	block_stmt  goto 102

state 76
	function_decl:  FUNC identifier LEFT_PAREN parameter_list RIGHT_PAREN block_stmt.    (12)

	.  reduce 12 (src line 148)


state 77
	function_decl:  FUNC identifier LEFT_PAREN parameter_list RIGHT_PAREN ARROW.type block_stmt 

	IDENTIFIER  shift 12
	LEFT_BRACKET  shift 11
	.  error

	type  goto 103
	identifier  goto 10

state 78
	parameter_list:  parameter_list COMMA parameter.    (19)

	.  reduce 19 (src line 211)


state 79
	function_decl:  FUNC identifier LEFT_PAREN RIGHT_PAREN type block_stmt.    (11)

	.  reduce 11 (src line 139)


state 80
	function_decl:  FUNC identifier LEFT_PAREN RIGHT_PAREN ARROW type.block_stmt 

	LEFT_BRACE  shift 50
	.  error

	block_stmt  goto 104

state 81
	statement_list:  statement_list.statement 
	block_stmt:  LEFT_BRACE statement_list.RIGHT_BRACE 

	IDENTIFIER  shift 42
	VAR  shift 115
	IF  shift 117
	WHILE  shift 118
	FOR  shift 119
	RETURN  shift 120
	MINUS  shift 38
	NOT  shift 39
	LEFT_PAREN  shift 43
	LEFT_BRACE  shift 50
	RIGHT_BRACE  shift 106
	.  error

	statement  goto 105
	var_decl_stmt  goto 107
	assign_stmt  goto 108
	if_stmt  goto 109
	while_stmt  goto 110
	for_stmt  goto 111
	return_stmt  goto 112
	expr_stmt  goto 113
	block_stmt  goto 114
	expression  goto 116
	primary_expr  goto 40
	call_expr  goto 37
	unary_expr  goto 36
	binary_expr  goto 35
	identifier  goto 41

state 82
	struct_field:  identifier type SEMICOLON.    (23)

	.  reduce 23 (src line 231)


state 83
	binary_expr:  binary_expr.PLUS binary_expr 
	binary_expr:  binary_expr PLUS binary_expr.    (51)
	binary_expr:  binary_expr.MINUS binary_expr 
	binary_expr:  binary_expr.STAR binary_expr 
	binary_expr:  binary_expr.SLASH binary_expr 
	binary_expr:  binary_expr.PERCENT binary_expr 
	binary_expr:  binary_expr.EQUAL binary_expr 
	binary_expr:  binary_expr.NOT_EQUAL binary_expr 
	binary_expr:  binary_expr.LESS binary_expr 
	binary_expr:  binary_expr.LESS_EQUAL binary_expr 
	binary_expr:  binary_expr.GREATER binary_expr 
	binary_expr:  binary_expr.GREATER_EQUAL binary_expr 
	binary_expr:  binary_expr.AND binary_expr 
	binary_expr:  binary_expr.OR binary_expr 

	STAR  shift 58
	SLASH  shift 59
	PERCENT  shift 60
	.  reduce 51 (src line 389)


state 84
	binary_expr:  binary_expr.PLUS binary_expr 
	binary_expr:  binary_expr.MINUS binary_expr 
	binary_expr:  binary_expr MINUS binary_expr.    (52)
	binary_expr:  binary_expr.STAR binary_expr 
	binary_expr:  binary_expr.SLASH binary_expr 
	binary_expr:  binary_expr.PERCENT binary_expr 
	binary_expr:  binary_expr.EQUAL binary_expr 
	binary_expr:  binary_expr.NOT_EQUAL binary_expr 
	binary_expr:  binary_expr.LESS binary_expr 
	binary_expr:  binary_expr.LESS_EQUAL binary_expr 
	binary_expr:  binary_expr.GREATER binary_expr 
	binary_expr:  binary_expr.GREATER_EQUAL binary_expr 
	binary_expr:  binary_expr.AND binary_expr 
	binary_expr:  binary_expr.OR binary_expr 

	STAR  shift 58
	SLASH  shift 59
	PERCENT  shift 60
	.  reduce 52 (src line 397)


state 85
	binary_expr:  binary_expr.PLUS binary_expr 
	binary_expr:  binary_expr.MINUS binary_expr 
	binary_expr:  binary_expr.STAR binary_expr 
	binary_expr:  binary_expr STAR binary_expr.    (53)
	binary_expr:  binary_expr.SLASH binary_expr 
	binary_expr:  binary_expr.PERCENT binary_expr 
	binary_expr:  binary_expr.EQUAL binary_expr 
	binary_expr:  binary_expr.NOT_EQUAL binary_expr 
	binary_expr:  binary_expr.LESS binary_expr 
	binary_expr:  binary_expr.LESS_EQUAL binary_expr 
	binary_expr:  binary_expr.GREATER binary_expr 
	binary_expr:  binary_expr.GREATER_EQUAL binary_expr 
	binary_expr:  binary_expr.AND binary_expr 
	binary_expr:  binary_expr.OR binary_expr 

	.  reduce 53 (src line 405)


state 86
	binary_expr:  binary_expr.PLUS binary_expr 
	binary_expr:  binary_expr.MINUS binary_expr 
	binary_expr:  binary_expr.STAR binary_expr 
	binary_expr:  binary_expr.SLASH binary_expr 
	binary_expr:  binary_expr SLASH binary_expr.    (54)
	binary_expr:  binary_expr.PERCENT binary_expr 
	binary_expr:  binary_expr.EQUAL binary_expr 
	binary_expr:  binary_expr.NOT_EQUAL binary_expr 
	binary_expr:  binary_expr.LESS binary_expr 
	binary_expr:  binary_expr.LESS_EQUAL binary_expr 
	binary_expr:  binary_expr.GREATER binary_expr 
	binary_expr:  binary_expr.GREATER_EQUAL binary_expr 
	binary_expr:  binary_expr.AND binary_expr 
	binary_expr:  binary_expr.OR binary_expr 

	.  reduce 54 (src line 413)


state 87
	binary_expr:  binary_expr.PLUS binary_expr 
	binary_expr:  binary_expr.MINUS binary_expr 
	binary_expr:  binary_expr.STAR binary_expr 
	binary_expr:  binary_expr.SLASH binary_expr 
	binary_expr:  binary_expr.PERCENT binary_expr 
	binary_expr:  binary_expr PERCENT binary_expr.    (55)
	binary_expr:  binary_expr.EQUAL binary_expr 
	binary_expr:  binary_expr.NOT_EQUAL binary_expr 
	binary_expr:  binary_expr.LESS binary_expr 
	binary_expr:  binary_expr.LESS_EQUAL binary_expr 
	binary_expr:  binary_expr.GREATER binary_expr 
	binary_expr:  binary_expr.GREATER_EQUAL binary_expr 
	binary_expr:  binary_expr.AND binary_expr 
	binary_expr:  binary_expr.OR binary_expr 

	.  reduce 55 (src line 421)


state 88
	binary_expr:  binary_expr.PLUS binary_expr 
	binary_expr:  binary_expr.MINUS binary_expr 
	binary_expr:  binary_expr.STAR binary_expr 
	binary_expr:  binary_expr.SLASH binary_expr 
	binary_expr:  binary_expr.PERCENT binary_expr 
	binary_expr:  binary_expr.EQUAL binary_expr 
	binary_expr:  binary_expr EQUAL binary_expr.    (56)
	binary_expr:  binary_expr.NOT_EQUAL binary_expr 
	binary_expr:  binary_expr.LESS binary_expr 
	binary_expr:  binary_expr.LESS_EQUAL binary_expr 
	binary_expr:  binary_expr.GREATER binary_expr 
	binary_expr:  binary_expr.GREATER_EQUAL binary_expr 
	binary_expr:  binary_expr.AND binary_expr 
	binary_expr:  binary_expr.OR binary_expr 

	PLUS  shift 56
	MINUS  shift 57
	STAR  shift 58
	SLASH  shift 59
	PERCENT  shift 60
	LESS  shift 63
	LESS_EQUAL  shift 64
	GREATER  shift 65
	GREATER_EQUAL  shift 66
	.  reduce 56 (src line 429)


state 89
	binary_expr:  binary_expr.PLUS binary_expr 
	binary_expr:  binary_expr.MINUS binary_expr 
	binary_expr:  binary_expr.STAR binary_expr 
	binary_expr:  binary_expr.SLASH binary_expr 
	binary_expr:  binary_expr.PERCENT binary_expr 
	binary_expr:  binary_expr.EQUAL binary_expr 
	binary_expr:  binary_expr.NOT_EQUAL binary_expr 
	binary_expr:  binary_expr NOT_EQUAL binary_expr.    (57)
	binary_expr:  binary_expr.LESS binary_expr 
	binary_expr:  binary_expr.LESS_EQUAL binary_expr 
	binary_expr:  binary_expr.GREATER binary_expr 
	binary_expr:  binary_expr.GREATER_EQUAL binary_expr 
	binary_expr:  binary_expr.AND binary_expr 
	binary_expr:  binary_expr.OR binary_expr 

	PLUS  shift 56
	MINUS  shift 57
	STAR  shift 58
	SLASH  shift 59
	PERCENT  shift 60
	LESS  shift 63
	LESS_EQUAL  shift 64
	GREATER  shift 65
	GREATER_EQUAL  shift 66
	.  reduce 57 (src line 437)


state 90
	binary_expr:  binary_expr.PLUS binary_expr 
	binary_expr:  binary_expr.MINUS binary_expr 
	binary_expr:  binary_expr.STAR binary_expr 
	binary_expr:  binary_expr.SLASH binary_expr 
	binary_expr:  binary_expr.PERCENT binary_expr 
	binary_expr:  binary_expr.EQUAL binary_expr 
	binary_expr:  binary_expr.NOT_EQUAL binary_expr 
	binary_expr:  binary_expr.LESS binary_expr 
	binary_expr:  binary_expr LESS binary_expr.    (58)
	binary_expr:  binary_expr.LESS_EQUAL binary_expr 
	binary_expr:  binary_expr.GREATER binary_expr 
	binary_expr:  binary_expr.GREATER_EQUAL binary_expr 
	binary_expr:  binary_expr.AND binary_expr 
	binary_expr:  binary_expr.OR binary_expr 

	PLUS  shift 56
	MINUS  shift 57
	STAR  shift 58
	SLASH  shift 59
	PERCENT  shift 60
	.  reduce 58 (src line 445)


state 91
	binary_expr:  binary_expr.PLUS binary_expr 
	binary_expr:  binary_expr.MINUS binary_expr 
	binary_expr:  binary_expr.STAR binary_expr 
	binary_expr:  binary_expr.SLASH binary_expr 
	binary_expr:  binary_expr.PERCENT binary_expr 
	binary_expr:  binary_expr.EQUAL binary_expr 
	binary_expr:  binary_expr.NOT_EQUAL binary_expr 
	binary_expr:  binary_expr.LESS binary_expr 
	binary_expr:  binary_expr.LESS_EQUAL binary_expr 
	binary_expr:  binary_expr LESS_EQUAL binary_expr.    (59)
	binary_expr:  binary_expr.GREATER binary_expr 
	binary_expr:  binary_expr.GREATER_EQUAL binary_expr 
	binary_expr:  binary_expr.AND binary_expr 
	binary_expr:  binary_expr.OR binary_expr 

	PLUS  shift 56
	MINUS  shift 57
	STAR  shift 58
	SLASH  shift 59
	PERCENT  shift 60
	.  reduce 59 (src line 453)


state 92
	binary_expr:  binary_expr.PLUS binary_expr 
	binary_expr:  binary_expr.MINUS binary_expr 
	binary_expr:  binary_expr.STAR binary_expr 
	binary_expr:  binary_expr.SLASH binary_expr 
	binary_expr:  binary_expr.PERCENT binary_expr 
	binary_expr:  binary_expr.EQUAL binary_expr 
	binary_expr:  binary_expr.NOT_EQUAL binary_expr 
	binary_expr:  binary_expr.LESS binary_expr 
	binary_expr:  binary_expr.LESS_EQUAL binary_expr 
	binary_expr:  binary_expr.GREATER binary_expr 
	binary_expr:  binary_expr GREATER binary_expr.    (60)
	binary_expr:  binary_expr.GREATER_EQUAL binary_expr 
	binary_expr:  binary_expr.AND binary_expr 
	binary_expr:  binary_expr.OR binary_expr 

	PLUS  shift 56
	MINUS  shift 57
	STAR  shift 58
	SLASH  shift 59
	PERCENT  shift 60
	.  reduce 60 (src line 461)


state 93
	binary_expr:  binary_expr.PLUS binary_expr 
	binary_expr:  binary_expr.MINUS binary_expr 
	binary_expr:  binary_expr.STAR binary_expr 
	binary_expr:  binary_expr.SLASH binary_expr 
	binary_expr:  binary_expr.PERCENT binary_expr 
	binary_expr:  binary_expr.EQUAL binary_expr 
	binary_expr:  binary_expr.NOT_EQUAL binary_expr 
	binary_expr:  binary_expr.LESS binary_expr 
	binary_expr:  binary_expr.LESS_EQUAL binary_expr 
	binary_expr:  binary_expr.GREATER binary_expr 
	binary_expr:  binary_expr.GREATER_EQUAL binary_expr 
	binary_expr:  binary_expr GREATER_EQUAL binary_expr.    (61)
	binary_expr:  binary_expr.AND binary_expr 
	binary_expr:  binary_expr.OR binary_expr 

	PLUS  shift 56
	MINUS  shift 57
	STAR  shift 58
	SLASH  shift 59
	PERCENT  shift 60
	.  reduce 61 (src line 469)


state 94
	binary_expr:  binary_expr.PLUS binary_expr 
	binary_expr:  binary_expr.MINUS binary_expr 
	binary_expr:  binary_expr.STAR binary_expr 
	binary_expr:  binary_expr.SLASH binary_expr 
	binary_expr:  binary_expr.PERCENT binary_expr 
	binary_expr:  binary_expr.EQUAL binary_expr 
	binary_expr:  binary_expr.NOT_EQUAL binary_expr 
	binary_expr:  binary_expr.LESS binary_expr 
	binary_expr:  binary_expr.LESS_EQUAL binary_expr 
	binary_expr:  binary_expr.GREATER binary_expr 
	binary_expr:  binary_expr.GREATER_EQUAL binary_expr 
	binary_expr:  binary_expr.AND binary_expr 
	binary_expr:  binary_expr AND binary_expr.    (62)
	binary_expr:  binary_expr.OR binary_expr 

	PLUS  shift 56
	MINUS  shift 57
	STAR  shift 58
	SLASH  shift 59
	PERCENT  shift 60
	EQUAL  shift 61
	NOT_EQUAL  shift 62
	LESS  shift 63
	LESS_EQUAL  shift 64
	GREATER  shift 65
	GREATER_EQUAL  shift 66
	.  reduce 62 (src line 477)


state 95
	binary_expr:  binary_expr.PLUS binary_expr 
	binary_expr:  binary_expr.MINUS binary_expr 
	binary_expr:  binary_expr.STAR binary_expr 
	binary_expr:  binary_expr.SLASH binary_expr 
	binary_expr:  binary_expr.PERCENT binary_expr 
	binary_expr:  binary_expr.EQUAL binary_expr 
	binary_expr:  binary_expr.NOT_EQUAL binary_expr 
	binary_expr:  binary_expr.LESS binary_expr 
	binary_expr:  binary_expr.LESS_EQUAL binary_expr 
	binary_expr:  binary_expr.GREATER binary_expr 
	binary_expr:  binary_expr.GREATER_EQUAL binary_expr 
	binary_expr:  binary_expr.AND binary_expr 
	binary_expr:  binary_expr.OR binary_expr 
	binary_expr:  binary_expr OR binary_expr.    (63)

	PLUS  shift 56
	MINUS  shift 57
	STAR  shift 58
	SLASH  shift 59
	PERCENT  shift 60
	EQUAL  shift 61
	NOT_EQUAL  shift 62
	LESS  shift 63
	LESS_EQUAL  shift 64
	GREATER  shift 65
	GREATER_EQUAL  shift 66
	AND  shift 67
	.  reduce 63 (src line 485)


state 96
	call_expr:  call_expr LEFT_PAREN argument_list.RIGHT_PAREN 
	argument_list:  argument_list.COMMA expression 

	RIGHT_PAREN  shift 121
	COMMA  shift 122
	.  error


state 97
	call_expr:  call_expr LEFT_PAREN RIGHT_PAREN.    (69)

	.  reduce 69 (src line 520)


state 98
	argument_list:  expression.    (72)

	.  reduce 72 (src line 542)


state 99
	call_expr:  call_expr LEFT_BRACKET expression.RIGHT_BRACKET 

	RIGHT_BRACKET  shift 123
	.  error


state 100
	call_expr:  call_expr DOT identifier.    (71)

	.  reduce 71 (src line 534)


state 101
	primary_expr:  LEFT_PAREN expression RIGHT_PAREN.    (76)

	.  reduce 76 (src line 577)


state 102
	function_decl:  FUNC identifier LEFT_PAREN parameter_list RIGHT_PAREN type block_stmt.    (10)

	.  reduce 10 (src line 129)


state 103
	function_decl:  FUNC identifier LEFT_PAREN parameter_list RIGHT_PAREN ARROW type.block_stmt 

	LEFT_BRACE  shift 50
	.  error

	block_stmt  goto 124

state 104
	function_decl:  FUNC identifier LEFT_PAREN RIGHT_PAREN ARROW type block_stmt.    (15)

	.  reduce 15 (src line 181)


state 105
	statement_list:  statement_list statement.    (28)

	.  reduce 28 (src line 266)


state 106
	block_stmt:  LEFT_BRACE statement_list RIGHT_BRACE.    (48)

	.  reduce 48 (src line 376)


state 107
	statement:  var_decl_stmt.    (29)

	.  reduce 29 (src line 270)


state 108
	statement:  assign_stmt.    (30)

	.  reduce 30 (src line 272)


state 109
	statement:  if_stmt.    (31)

	.  reduce 31 (src line 273)


state 110
	statement:  while_stmt.    (32)

	.  reduce 32 (src line 274)


state 111
	statement:  for_stmt.    (33)

	.  reduce 33 (src line 275)


state 112
	statement:  return_stmt.    (34)

	.  reduce 34 (src line 276)


state 113
	statement:  expr_stmt.    (35)

	.  reduce 35 (src line 277)


state 114
	statement:  block_stmt.    (36)

	.  reduce 36 (src line 278)


state 115
	var_decl_stmt:  VAR.identifier type SEMICOLON 
	var_decl_stmt:  VAR.identifier type ASSIGN expression SEMICOLON 

	IDENTIFIER  shift 12
	.  error

	identifier  goto 125

state 116
	assign_stmt:  expression.ASSIGN expression SEMICOLON 
	expr_stmt:  expression.SEMICOLON 

	ASSIGN  shift 126
	SEMICOLON  shift 127
	.  error


state 117
	if_stmt:  IF.LEFT_PAREN expression RIGHT_PAREN statement 
	if_stmt:  IF.LEFT_PAREN expression RIGHT_PAREN statement ELSE statement 

	LEFT_PAREN  shift 128
	.  error


state 118
	while_stmt:  WHILE.LEFT_PAREN expression RIGHT_PAREN statement 

	LEFT_PAREN  shift 129
	.  error


state 119
	for_stmt:  FOR.LEFT_PAREN statement expression SEMICOLON statement RIGHT_PAREN statement 
	for_stmt:  FOR.LEFT_PAREN SEMICOLON expression SEMICOLON statement RIGHT_PAREN statement 

	LEFT_PAREN  shift 130
	.  error


state 120
	return_stmt:  RETURN.SEMICOLON 
	return_stmt:  RETURN.expression SEMICOLON 

	IDENTIFIER  shift 42
	MINUS  shift 38
	NOT  shift 39
	LEFT_PAREN  shift 43
	SEMICOLON  shift 131
	.  error

	expression  goto 132
	primary_expr  goto 40
	call_expr  goto 37
	unary_expr  goto 36
	binary_expr  goto 35
	identifier  goto 41

state 121
	call_expr:  call_expr LEFT_PAREN argument_list RIGHT_PAREN.    (68)

	.  reduce 68 (src line 513)


state 122
	argument_list:  argument_list COMMA.expression 

	IDENTIFIER  shift 42
	MINUS  shift 38
	NOT  shift 39
	LEFT_PAREN  shift 43
	.  error

	expression  goto 133
	primary_expr  goto 40
	call_expr  goto 37
	unary_expr  goto 36
	binary_expr  goto 35
	identifier  goto 41

state 123
	call_expr:  call_expr LEFT_BRACKET expression RIGHT_BRACKET.    (70)

	.  reduce 70 (src line 527)


state 124
	function_decl:  FUNC identifier LEFT_PAREN parameter_list RIGHT_PAREN ARROW type block_stmt.    (14)

	.  reduce 14 (src line 172)


state 125
	var_decl_stmt:  VAR identifier.type SEMICOLON 
	var_decl_stmt:  VAR identifier.type ASSIGN expression SEMICOLON 

	IDENTIFIER  shift 12
	LEFT_BRACKET  shift 11
	.  error

	type  goto 134
	identifier  goto 10

state 126
	assign_stmt:  expression ASSIGN.expression SEMICOLON 

	IDENTIFIER  shift 42
	MINUS  shift 38
	NOT  shift 39
	LEFT_PAREN  shift 43
	.  error

	expression  goto 135
	primary_expr  goto 40
	call_expr  goto 37
	unary_expr  goto 36
	binary_expr  goto 35
	identifier  goto 41

state 127
	expr_stmt:  expression SEMICOLON.    (47)

	.  reduce 47 (src line 368)


state 128
	if_stmt:  IF LEFT_PAREN.expression RIGHT_PAREN statement 
	if_stmt:  IF LEFT_PAREN.expression RIGHT_PAREN statement ELSE statement 

	IDENTIFIER  shift 42
	MINUS  shift 38
	NOT  shift 39
	LEFT_PAREN  shift 43
	.  error

	expression  goto 136
	primary_expr  goto 40
	call_expr  goto 37
	unary_expr  goto 36
	binary_expr  goto 35
	identifier  goto 41

state 129
	while_stmt:  WHILE LEFT_PAREN.expression RIGHT_PAREN statement 

	IDENTIFIER  shift 42
	MINUS  shift 38
	NOT  shift 39
	LEFT_PAREN  shift 43
	.  error

	expression  goto 137
	primary_expr  goto 40
	call_expr  goto 37
	unary_expr  goto 36
	binary_expr  goto 35
	identifier  goto 41

state 130
	for_stmt:  FOR LEFT_PAREN.statement expression SEMICOLON statement RIGHT_PAREN statement 
	for_stmt:  FOR LEFT_PAREN.SEMICOLON expression SEMICOLON statement RIGHT_PAREN statement 

	IDENTIFIER  shift 42
	VAR  shift 115
	IF  shift 117
	WHILE  shift 118
	FOR  shift 119
	RETURN  shift 120
	MINUS  shift 38
	NOT  shift 39
	LEFT_PAREN  shift 43
	LEFT_BRACE  shift 50
	SEMICOLON  shift 139
	.  error

	statement  goto 138
	var_decl_stmt  goto 107
	assign_stmt  goto 108
	if_stmt  goto 109
	while_stmt  goto 110
	for_stmt  goto 111
	return_stmt  goto 112
	expr_stmt  goto 113
	block_stmt  goto 114
	expression  goto 116
	primary_expr  goto 40
	call_expr  goto 37
	unary_expr  goto 36
	binary_expr  goto 35
	identifier  goto 41

state 131
	return_stmt:  RETURN SEMICOLON.    (45)

	.  reduce 45 (src line 354)


state 132
	return_stmt:  RETURN expression.SEMICOLON 

	SEMICOLON  shift 140
	.  error


state 133
	argument_list:  argument_list COMMA expression.    (73)

	.  reduce 73 (src line 546)


state 134
	var_decl_stmt:  VAR identifier type.SEMICOLON 
	var_decl_stmt:  VAR identifier type.ASSIGN expression SEMICOLON 

	ASSIGN  shift 142
	SEMICOLON  shift 141
	.  error


state 135
	assign_stmt:  expression ASSIGN expression.SEMICOLON 

	SEMICOLON  shift 143
	.  error


state 136
	if_stmt:  IF LEFT_PAREN expression.RIGHT_PAREN statement 
	if_stmt:  IF LEFT_PAREN expression.RIGHT_PAREN statement ELSE statement 

	RIGHT_PAREN  shift 144
	.  error


state 137
	while_stmt:  WHILE LEFT_PAREN expression.RIGHT_PAREN statement 

	RIGHT_PAREN  shift 145
	.  error


state 138
	for_stmt:  FOR LEFT_PAREN statement.expression SEMICOLON statement RIGHT_PAREN statement 

	IDENTIFIER  shift 42
	MINUS  shift 38
	NOT  shift 39
	LEFT_PAREN  shift 43
	.  error

	expression  goto 146
	primary_expr  goto 40
	call_expr  goto 37
	unary_expr  goto 36
	binary_expr  goto 35
	identifier  goto 41

state 139
	for_stmt:  FOR LEFT_PAREN SEMICOLON.expression SEMICOLON statement RIGHT_PAREN statement 

	IDENTIFIER  shift 42
	MINUS  shift 38
	NOT  shift 39
	LEFT_PAREN  shift 43
	.  error

	expression  goto 147
	primary_expr  goto 40
	call_expr  goto 37
	unary_expr  goto 36
	binary_expr  goto 35
	identifier  goto 41

state 140
	return_stmt:  RETURN expression SEMICOLON.    (46)

	.  reduce 46 (src line 361)


state 141
	var_decl_stmt:  VAR identifier type SEMICOLON.    (37)

	.  reduce 37 (src line 280)


state 142
	var_decl_stmt:  VAR identifier type ASSIGN.expression SEMICOLON 

	IDENTIFIER  shift 42
	MINUS  shift 38
	NOT  shift 39
	LEFT_PAREN  shift 43
	.  error

	expression  goto 148
	primary_expr  goto 40
	call_expr  goto 37
	unary_expr  goto 36
	binary_expr  goto 35
	identifier  goto 41

state 143
	assign_stmt:  expression ASSIGN expression SEMICOLON.    (39)

	.  reduce 39 (src line 298)


state 144
	if_stmt:  IF LEFT_PAREN expression RIGHT_PAREN.statement 
	if_stmt:  IF LEFT_PAREN expression RIGHT_PAREN.statement ELSE statement 

	IDENTIFIER  shift 42
	VAR  shift 115
	IF  shift 117
	WHILE  shift 118
	FOR  shift 119
	RETURN  shift 120
	MINUS  shift 38
	NOT  shift 39
	LEFT_PAREN  shift 43
	LEFT_BRACE  shift 50
	.  error

	statement  goto 149
	var_decl_stmt  goto 107
	assign_stmt  goto 108
	if_stmt  goto 109
	while_stmt  goto 110
	for_stmt  goto 111
	return_stmt  goto 112
	expr_stmt  goto 113
	block_stmt  goto 114
	expression  goto 116
	primary_expr  goto 40
	call_expr  goto 37
	unary_expr  goto 36
	binary_expr  goto 35
	identifier  goto 41

state 145
	while_stmt:  WHILE LEFT_PAREN expression RIGHT_PAREN.statement 

	IDENTIFIER  shift 42
	VAR  shift 115
	IF  shift 117
	WHILE  shift 118
	FOR  shift 119
	RETURN  shift 120
	MINUS  shift 38
	NOT  shift 39
	LEFT_PAREN  shift 43
	LEFT_BRACE  shift 50
	.  error

	statement  goto 150
	var_decl_stmt  goto 107
	assign_stmt  goto 108
	if_stmt  goto 109
	while_stmt  goto 110
	for_stmt  goto 111
	return_stmt  goto 112
	expr_stmt  goto 113
	block_stmt  goto 114
	expression  goto 116
	primary_expr  goto 40
	call_expr  goto 37
	unary_expr  goto 36
	binary_expr  goto 35
	identifier  goto 41

state 146
	for_stmt:  FOR LEFT_PAREN statement expression.SEMICOLON statement RIGHT_PAREN statement 

	SEMICOLON  shift 151
	.  error


state 147
	for_stmt:  FOR LEFT_PAREN SEMICOLON expression.SEMICOLON statement RIGHT_PAREN statement 

	SEMICOLON  shift 152
	.  error


state 148
	var_decl_stmt:  VAR identifier type ASSIGN expression.SEMICOLON 

	SEMICOLON  shift 153
	.  error


state 149
	if_stmt:  IF LEFT_PAREN expression RIGHT_PAREN statement.    (40)
	if_stmt:  IF LEFT_PAREN expression RIGHT_PAREN statement.ELSE statement 

	ELSE  shift 154
	.  reduce 40 (src line 307)


state 150
	while_stmt:  WHILE LEFT_PAREN expression RIGHT_PAREN statement.    (42)

	.  reduce 42 (src line 325)


state 151
	for_stmt:  FOR LEFT_PAREN statement expression SEMICOLON.statement RIGHT_PAREN statement 

	IDENTIFIER  shift 42
	VAR  shift 115
	IF  shift 117
	WHILE  shift 118
	FOR  shift 119
	RETURN  shift 120
	MINUS  shift 38
	NOT  shift 39
	LEFT_PAREN  shift 43
	LEFT_BRACE  shift 50
	.  error

	statement  goto 155
	var_decl_stmt  goto 107
	assign_stmt  goto 108
	if_stmt  goto 109
	while_stmt  goto 110
	for_stmt  goto 111
	return_stmt  goto 112
	expr_stmt  goto 113
	block_stmt  goto 114
	expression  goto 116
	primary_expr  goto 40
	call_expr  goto 37
	unary_expr  goto 36
	binary_expr  goto 35
	identifier  goto 41

state 152
	for_stmt:  FOR LEFT_PAREN SEMICOLON expression SEMICOLON.statement RIGHT_PAREN statement 

	IDENTIFIER  shift 42
	VAR  shift 115
	IF  shift 117
	WHILE  shift 118
	FOR  shift 119
	RETURN  shift 120
	MINUS  shift 38
	NOT  shift 39
	LEFT_PAREN  shift 43
	LEFT_BRACE  shift 50
	.  error

	statement  goto 156
	var_decl_stmt  goto 107
	assign_stmt  goto 108
	if_stmt  goto 109
	while_stmt  goto 110
	for_stmt  goto 111
	return_stmt  goto 112
	expr_stmt  goto 113
	block_stmt  goto 114
	expression  goto 116
	primary_expr  goto 40
	call_expr  goto 37
	unary_expr  goto 36
	binary_expr  goto 35
	identifier  goto 41

state 153
	var_decl_stmt:  VAR identifier type ASSIGN expression SEMICOLON.    (38)

	.  reduce 38 (src line 289)


state 154
	if_stmt:  IF LEFT_PAREN expression RIGHT_PAREN statement ELSE.statement 

	IDENTIFIER  shift 42
	VAR  shift 115
	IF  shift 117
	WHILE  shift 118
	FOR  shift 119
	RETURN  shift 120
	MINUS  shift 38
	NOT  shift 39
	LEFT_PAREN  shift 43
	LEFT_BRACE  shift 50
	.  error

	statement  goto 157
	var_decl_stmt  goto 107
	assign_stmt  goto 108
	if_stmt  goto 109
	while_stmt  goto 110
	for_stmt  goto 111
	return_stmt  goto 112
	expr_stmt  goto 113
	block_stmt  goto 114
	expression  goto 116
	primary_expr  goto 40
	call_expr  goto 37
	unary_expr  goto 36
	binary_expr  goto 35
	identifier  goto 41

state 155
	for_stmt:  FOR LEFT_PAREN statement expression SEMICOLON statement.RIGHT_PAREN statement 

	RIGHT_PAREN  shift 158
	.  error


state 156
	for_stmt:  FOR LEFT_PAREN SEMICOLON expression SEMICOLON statement.RIGHT_PAREN statement 

	RIGHT_PAREN  shift 159
	.  error


state 157
	if_stmt:  IF LEFT_PAREN expression RIGHT_PAREN statement ELSE statement.    (41)

	.  reduce 41 (src line 316)


state 158
	for_stmt:  FOR LEFT_PAREN statement expression SEMICOLON statement RIGHT_PAREN.statement 

	IDENTIFIER  shift 42
	VAR  shift 115
	IF  shift 117
	WHILE  shift 118
	FOR  shift 119
	RETURN  shift 120
	MINUS  shift 38
	NOT  shift 39
	LEFT_PAREN  shift 43
	LEFT_BRACE  shift 50
	.  error

	statement  goto 160
	var_decl_stmt  goto 107
	assign_stmt  goto 108
	if_stmt  goto 109
	while_stmt  goto 110
	for_stmt  goto 111
	return_stmt  goto 112
	expr_stmt  goto 113
	block_stmt  goto 114
	expression  goto 116
	primary_expr  goto 40
	call_expr  goto 37
	unary_expr  goto 36
	binary_expr  goto 35
	identifier  goto 41

state 159
	for_stmt:  FOR LEFT_PAREN SEMICOLON expression SEMICOLON statement RIGHT_PAREN.statement 

	IDENTIFIER  shift 42
	VAR  shift 115
	IF  shift 117
	WHILE  shift 118
	FOR  shift 119
	RETURN  shift 120
	MINUS  shift 38
	NOT  shift 39
	LEFT_PAREN  shift 43
	LEFT_BRACE  shift 50
	.  error

	statement  goto 161
	var_decl_stmt  goto 107
	assign_stmt  goto 108
	if_stmt  goto 109
	while_stmt  goto 110
	for_stmt  goto 111
	return_stmt  goto 112
	expr_stmt  goto 113
	block_stmt  goto 114
	expression  goto 116
	primary_expr  goto 40
	call_expr  goto 37
	unary_expr  goto 36
	binary_expr  goto 35
	identifier  goto 41

state 160
	for_stmt:  FOR LEFT_PAREN statement expression SEMICOLON statement RIGHT_PAREN statement.    (43)

	.  reduce 43 (src line 334)


state 161
	for_stmt:  FOR LEFT_PAREN SEMICOLON expression SEMICOLON statement RIGHT_PAREN statement.    (44)

	.  reduce 44 (src line 344)


43 terminals, 29 nonterminals
78 grammar rules, 162/16000 states
0 shift/reduce, 21 reduce/reduce conflicts reported
78 working sets used
memory: parser 419/240000
110 extra closures
364 shift entries, 1 exceptions
101 goto entries
234 entries saved by goto default
Optimizer space used: output 264/240000
264 table entries, 2 zero
maximum spread: 41, maximum offset: 159
